<?xml version="1.0" encoding="UTF-8"?>
<testsuite xmlns:xsi="http://www.w3.org/2001/XMLSchema-instance" xsi:noNamespaceSchemaLocation="https://maven.apache.org/surefire/maven-surefire-plugin/xsd/surefire-test-report.xsd" name="Scenario: calculate divide" time="0.564" tests="12" errors="0" skipped="0" failures="0">
  <properties>
[...]
</properties>
  <testcase name="Given I have a calc with 12 3" classname="Scenario: calculate add" time="0.002"/>
  <testcase name="When I ask it to say add" classname="Scenario: calculate add" time="0"/>
  <testcase name="Then it should answer with add 15" classname="Scenario: calculate add" time="0"/>
  <testcase name="Scenario: calculate add" classname="Scenario: calculate add" time="0.001"/>
  <testcase name="Given I have a calc with 12 3" classname="Scenario: calculate subtract" time="0"/>
  <testcase name="When I ask it to say subtract" classname="Scenario: calculate subtract" time="0"/>
  <testcase name="Then it should answer with sub 9" classname="Scenario: calculate subtract" time="0"/>
  <testcase name="Scenario: calculate subtract" classname="Scenario: calculate subtract" time="0"/>
  <testcase name="Given I have a calc with 12 3" classname="Scenario: calculate divide" time="0"/>
  <testcase name="When I ask it to say divide" classname="Scenario: calculate divide" time="0"/>
  <testcase name="Then it should answer with div 4" classname="Scenario: calculate divide" time="0"/>
  <testcase name="Scenario: calculate divide" classname="Scenario: calculate divide" time="0"/>
</testsuite>